{"C:\\Users\\GLADOS\\Documents\\bmiCalculator\\bmiCal.js": {"path":"C:\\Users\\GLADOS\\Documents\\bmiCalculator\\bmiCal.js","statementMap":{"0":{"start":{"line":1,"column":17},"end":{"line":1,"column":41}},"1":{"start":{"line":2,"column":0},"end":{"line":2,"column":73}},"2":{"start":{"line":6,"column":15},"end":{"line":9,"column":4}},"3":{"start":{"line":10,"column":2},"end":{"line":17,"column":4}},"4":{"start":{"line":11,"column":4},"end":{"line":15,"column":6}},"5":{"start":{"line":13,"column":6},"end":{"line":13,"column":19}},"6":{"start":{"line":14,"column":6},"end":{"line":14,"column":21}},"7":{"start":{"line":20,"column":20},"end":{"line":20,"column":23}},"8":{"start":{"line":21,"column":30},"end":{"line":21,"column":60}},"9":{"start":{"line":22,"column":4},"end":{"line":26,"column":5}},"10":{"start":{"line":24,"column":8},"end":{"line":24,"column":35}},"11":{"start":{"line":25,"column":8},"end":{"line":25,"column":56}},"12":{"start":{"line":27,"column":4},"end":{"line":27,"column":31}},"13":{"start":{"line":30,"column":21},"end":{"line":30,"column":38}},"14":{"start":{"line":31,"column":21},"end":{"line":31,"column":24}},"15":{"start":{"line":32,"column":4},"end":{"line":36,"column":5}},"16":{"start":{"line":34,"column":8},"end":{"line":34,"column":26}},"17":{"start":{"line":35,"column":8},"end":{"line":35,"column":56}},"18":{"start":{"line":37,"column":4},"end":{"line":37,"column":22}},"19":{"start":{"line":42,"column":25},"end":{"line":42,"column":53}},"20":{"start":{"line":44,"column":18},"end":{"line":44,"column":64}},"21":{"start":{"line":45,"column":14},"end":{"line":45,"column":44}},"22":{"start":{"line":46,"column":2},"end":{"line":46,"column":13}},"23":{"start":{"line":50,"column":2},"end":{"line":58,"column":3}},"24":{"start":{"line":51,"column":4},"end":{"line":51,"column":25}},"25":{"start":{"line":52,"column":9},"end":{"line":58,"column":3}},"26":{"start":{"line":53,"column":4},"end":{"line":53,"column":27}},"27":{"start":{"line":54,"column":9},"end":{"line":58,"column":3}},"28":{"start":{"line":55,"column":4},"end":{"line":55,"column":24}},"29":{"start":{"line":57,"column":4},"end":{"line":57,"column":19}},"30":{"start":{"line":65,"column":17},"end":{"line":65,"column":68}},"31":{"start":{"line":66,"column":21},"end":{"line":66,"column":70}},"32":{"start":{"line":67,"column":23},"end":{"line":67,"column":74}},"33":{"start":{"line":70,"column":21},"end":{"line":70,"column":51}},"34":{"start":{"line":71,"column":30},"end":{"line":71,"column":90}},"35":{"start":{"line":72,"column":14},"end":{"line":72,"column":59}},"36":{"start":{"line":73,"column":19},"end":{"line":73,"column":35}},"37":{"start":{"line":74,"column":2},"end":{"line":81,"column":3}},"38":{"start":{"line":77,"column":4},"end":{"line":77,"column":97}},"39":{"start":{"line":80,"column":4},"end":{"line":80,"column":85}},"40":{"start":{"line":85,"column":0},"end":{"line":85,"column":18}}},"fnMap":{"0":{"name":"getUserInput","decl":{"start":{"line":4,"column":9},"end":{"line":4,"column":21}},"loc":{"start":{"line":4,"column":31},"end":{"line":18,"column":1}},"line":4},"1":{"name":"(anonymous_1)","decl":{"start":{"line":10,"column":21},"end":{"line":10,"column":22}},"loc":{"start":{"line":10,"column":42},"end":{"line":17,"column":3}},"line":10},"2":{"name":"(anonymous_2)","decl":{"start":{"line":11,"column":28},"end":{"line":11,"column":29}},"loc":{"start":{"line":11,"column":39},"end":{"line":15,"column":5}},"line":11},"3":{"name":"heightInInches","decl":{"start":{"line":19,"column":9},"end":{"line":19,"column":23}},"loc":{"start":{"line":19,"column":49},"end":{"line":28,"column":1}},"line":19},"4":{"name":"poundsToKg","decl":{"start":{"line":29,"column":9},"end":{"line":29,"column":19}},"loc":{"start":{"line":29,"column":27},"end":{"line":38,"column":1}},"line":29},"5":{"name":"calculateBMI","decl":{"start":{"line":40,"column":9},"end":{"line":40,"column":21}},"loc":{"start":{"line":40,"column":55},"end":{"line":47,"column":1}},"line":40},"6":{"name":"getCategory","decl":{"start":{"line":49,"column":9},"end":{"line":49,"column":20}},"loc":{"start":{"line":49,"column":26},"end":{"line":59,"column":1}},"line":49},"7":{"name":"collectUserData","decl":{"start":{"line":63,"column":15},"end":{"line":63,"column":30}},"loc":{"start":{"line":63,"column":33},"end":{"line":82,"column":1}},"line":63}},"branchMap":{"0":{"loc":{"start":{"line":22,"column":4},"end":{"line":26,"column":5}},"type":"if","locations":[{"start":{"line":22,"column":4},"end":{"line":26,"column":5}},{"start":{},"end":{}}],"line":22},"1":{"loc":{"start":{"line":32,"column":4},"end":{"line":36,"column":5}},"type":"if","locations":[{"start":{"line":32,"column":4},"end":{"line":36,"column":5}},{"start":{},"end":{}}],"line":32},"2":{"loc":{"start":{"line":32,"column":7},"end":{"line":32,"column":48}},"type":"binary-expr","locations":[{"start":{"line":32,"column":7},"end":{"line":32,"column":28}},{"start":{"line":32,"column":32},"end":{"line":32,"column":48}}],"line":32},"3":{"loc":{"start":{"line":50,"column":2},"end":{"line":58,"column":3}},"type":"if","locations":[{"start":{"line":50,"column":2},"end":{"line":58,"column":3}},{"start":{"line":52,"column":9},"end":{"line":58,"column":3}}],"line":50},"4":{"loc":{"start":{"line":52,"column":9},"end":{"line":58,"column":3}},"type":"if","locations":[{"start":{"line":52,"column":9},"end":{"line":58,"column":3}},{"start":{"line":54,"column":9},"end":{"line":58,"column":3}}],"line":52},"5":{"loc":{"start":{"line":52,"column":13},"end":{"line":52,"column":39}},"type":"binary-expr","locations":[{"start":{"line":52,"column":13},"end":{"line":52,"column":24}},{"start":{"line":52,"column":28},"end":{"line":52,"column":39}}],"line":52},"6":{"loc":{"start":{"line":54,"column":9},"end":{"line":58,"column":3}},"type":"if","locations":[{"start":{"line":54,"column":9},"end":{"line":58,"column":3}},{"start":{"line":56,"column":9},"end":{"line":58,"column":3}}],"line":54},"7":{"loc":{"start":{"line":54,"column":13},"end":{"line":54,"column":37}},"type":"binary-expr","locations":[{"start":{"line":54,"column":13},"end":{"line":54,"column":22}},{"start":{"line":54,"column":26},"end":{"line":54,"column":37}}],"line":54},"8":{"loc":{"start":{"line":74,"column":2},"end":{"line":81,"column":3}},"type":"if","locations":[{"start":{"line":74,"column":2},"end":{"line":81,"column":3}},{"start":{"line":79,"column":6},"end":{"line":81,"column":3}}],"line":74},"9":{"loc":{"start":{"line":74,"column":5},"end":{"line":74,"column":26}},"type":"binary-expr","locations":[{"start":{"line":74,"column":5},"end":{"line":74,"column":14}},{"start":{"line":74,"column":18},"end":{"line":74,"column":26}}],"line":74}},"s":{"0":1,"1":1,"2":1,"3":1,"4":1,"5":0,"6":0,"7":5,"8":5,"9":5,"10":1,"11":1,"12":5,"13":6,"14":6,"15":6,"16":2,"17":2,"18":6,"19":5,"20":5,"21":5,"22":5,"23":5,"24":1,"25":4,"26":1,"27":3,"28":2,"29":1,"30":1,"31":0,"32":0,"33":0,"34":0,"35":0,"36":0,"37":0,"38":0,"39":0,"40":1},"f":{"0":1,"1":1,"2":0,"3":5,"4":6,"5":5,"6":5,"7":1},"b":{"0":[1,4],"1":[2,4],"2":[6,5],"3":[1,4],"4":[1,3],"5":[4,4],"6":[2,1],"7":[3,3],"8":[0,0],"9":[0,0]},"_coverageSchema":"1a1c01bbd47fc00a2c39e90264f33305004495a9","hash":"21f3619ab0bd5c15e405562260656e7f63b12d64"}
}
