{"C:\\Users\\GLADOS\\Documents\\bmiCalculator\\bmiCal.js": {"path":"C:\\Users\\GLADOS\\Documents\\bmiCalculator\\bmiCal.js","statementMap":{"0":{"start":{"line":1,"column":17},"end":{"line":1,"column":41}},"1":{"start":{"line":3,"column":13},"end":{"line":6,"column":2}},"2":{"start":{"line":8,"column":20},"end":{"line":8,"column":23}},"3":{"start":{"line":9,"column":30},"end":{"line":9,"column":60}},"4":{"start":{"line":10,"column":4},"end":{"line":14,"column":5}},"5":{"start":{"line":12,"column":8},"end":{"line":12,"column":35}},"6":{"start":{"line":13,"column":8},"end":{"line":13,"column":56}},"7":{"start":{"line":15,"column":4},"end":{"line":15,"column":31}},"8":{"start":{"line":18,"column":21},"end":{"line":18,"column":38}},"9":{"start":{"line":19,"column":21},"end":{"line":19,"column":24}},"10":{"start":{"line":20,"column":4},"end":{"line":24,"column":5}},"11":{"start":{"line":22,"column":8},"end":{"line":22,"column":26}},"12":{"start":{"line":23,"column":8},"end":{"line":23,"column":56}},"13":{"start":{"line":25,"column":4},"end":{"line":25,"column":22}},"14":{"start":{"line":30,"column":25},"end":{"line":30,"column":53}},"15":{"start":{"line":32,"column":18},"end":{"line":32,"column":64}},"16":{"start":{"line":33,"column":14},"end":{"line":33,"column":44}},"17":{"start":{"line":34,"column":2},"end":{"line":34,"column":13}},"18":{"start":{"line":38,"column":2},"end":{"line":46,"column":3}},"19":{"start":{"line":39,"column":4},"end":{"line":39,"column":25}},"20":{"start":{"line":40,"column":9},"end":{"line":46,"column":3}},"21":{"start":{"line":41,"column":4},"end":{"line":41,"column":27}},"22":{"start":{"line":42,"column":9},"end":{"line":46,"column":3}},"23":{"start":{"line":43,"column":4},"end":{"line":43,"column":24}},"24":{"start":{"line":45,"column":4},"end":{"line":45,"column":19}},"25":{"start":{"line":48,"column":0},"end":{"line":48,"column":73}},"26":{"start":{"line":50,"column":0},"end":{"line":67,"column":2}},"27":{"start":{"line":51,"column":2},"end":{"line":66,"column":4}},"28":{"start":{"line":52,"column":4},"end":{"line":65,"column":6}},"29":{"start":{"line":53,"column":27},"end":{"line":53,"column":57}},"30":{"start":{"line":54,"column":36},"end":{"line":54,"column":96}},"31":{"start":{"line":55,"column":20},"end":{"line":55,"column":65}},"32":{"start":{"line":56,"column":25},"end":{"line":56,"column":41}},"33":{"start":{"line":57,"column":8},"end":{"line":63,"column":9}},"34":{"start":{"line":59,"column":12},"end":{"line":59,"column":105}},"35":{"start":{"line":62,"column":12},"end":{"line":62,"column":93}},"36":{"start":{"line":64,"column":8},"end":{"line":64,"column":21}}},"fnMap":{"0":{"name":"heightInInches","decl":{"start":{"line":7,"column":9},"end":{"line":7,"column":23}},"loc":{"start":{"line":7,"column":49},"end":{"line":16,"column":1}},"line":7},"1":{"name":"poundsToKg","decl":{"start":{"line":17,"column":9},"end":{"line":17,"column":19}},"loc":{"start":{"line":17,"column":27},"end":{"line":26,"column":1}},"line":17},"2":{"name":"calculateBMI","decl":{"start":{"line":28,"column":9},"end":{"line":28,"column":21}},"loc":{"start":{"line":28,"column":55},"end":{"line":35,"column":1}},"line":28},"3":{"name":"getCategory","decl":{"start":{"line":37,"column":9},"end":{"line":37,"column":20}},"loc":{"start":{"line":37,"column":26},"end":{"line":47,"column":1}},"line":37},"4":{"name":"(anonymous_4)","decl":{"start":{"line":50,"column":47},"end":{"line":50,"column":48}},"loc":{"start":{"line":50,"column":59},"end":{"line":67,"column":1}},"line":50},"5":{"name":"(anonymous_5)","decl":{"start":{"line":51,"column":47},"end":{"line":51,"column":48}},"loc":{"start":{"line":51,"column":63},"end":{"line":66,"column":3}},"line":51},"6":{"name":"(anonymous_6)","decl":{"start":{"line":52,"column":51},"end":{"line":52,"column":52}},"loc":{"start":{"line":52,"column":69},"end":{"line":65,"column":5}},"line":52}},"branchMap":{"0":{"loc":{"start":{"line":10,"column":4},"end":{"line":14,"column":5}},"type":"if","locations":[{"start":{"line":10,"column":4},"end":{"line":14,"column":5}},{"start":{},"end":{}}],"line":10},"1":{"loc":{"start":{"line":20,"column":4},"end":{"line":24,"column":5}},"type":"if","locations":[{"start":{"line":20,"column":4},"end":{"line":24,"column":5}},{"start":{},"end":{}}],"line":20},"2":{"loc":{"start":{"line":20,"column":7},"end":{"line":20,"column":48}},"type":"binary-expr","locations":[{"start":{"line":20,"column":7},"end":{"line":20,"column":28}},{"start":{"line":20,"column":32},"end":{"line":20,"column":48}}],"line":20},"3":{"loc":{"start":{"line":38,"column":2},"end":{"line":46,"column":3}},"type":"if","locations":[{"start":{"line":38,"column":2},"end":{"line":46,"column":3}},{"start":{"line":40,"column":9},"end":{"line":46,"column":3}}],"line":38},"4":{"loc":{"start":{"line":40,"column":9},"end":{"line":46,"column":3}},"type":"if","locations":[{"start":{"line":40,"column":9},"end":{"line":46,"column":3}},{"start":{"line":42,"column":9},"end":{"line":46,"column":3}}],"line":40},"5":{"loc":{"start":{"line":40,"column":13},"end":{"line":40,"column":39}},"type":"binary-expr","locations":[{"start":{"line":40,"column":13},"end":{"line":40,"column":24}},{"start":{"line":40,"column":28},"end":{"line":40,"column":39}}],"line":40},"6":{"loc":{"start":{"line":42,"column":9},"end":{"line":46,"column":3}},"type":"if","locations":[{"start":{"line":42,"column":9},"end":{"line":46,"column":3}},{"start":{"line":44,"column":9},"end":{"line":46,"column":3}}],"line":42},"7":{"loc":{"start":{"line":42,"column":13},"end":{"line":42,"column":37}},"type":"binary-expr","locations":[{"start":{"line":42,"column":13},"end":{"line":42,"column":22}},{"start":{"line":42,"column":26},"end":{"line":42,"column":37}}],"line":42},"8":{"loc":{"start":{"line":57,"column":8},"end":{"line":63,"column":9}},"type":"if","locations":[{"start":{"line":57,"column":8},"end":{"line":63,"column":9}},{"start":{"line":61,"column":12},"end":{"line":63,"column":9}}],"line":57},"9":{"loc":{"start":{"line":57,"column":11},"end":{"line":57,"column":32}},"type":"binary-expr","locations":[{"start":{"line":57,"column":11},"end":{"line":57,"column":20}},{"start":{"line":57,"column":24},"end":{"line":57,"column":32}}],"line":57}},"s":{"0":1,"1":1,"2":5,"3":5,"4":5,"5":1,"6":1,"7":5,"8":6,"9":6,"10":6,"11":2,"12":2,"13":6,"14":5,"15":5,"16":5,"17":5,"18":5,"19":1,"20":4,"21":1,"22":3,"23":2,"24":1,"25":1,"26":1,"27":0,"28":0,"29":0,"30":0,"31":0,"32":0,"33":0,"34":0,"35":0,"36":0},"f":{"0":5,"1":6,"2":5,"3":5,"4":0,"5":0,"6":0},"b":{"0":[1,4],"1":[2,4],"2":[6,5],"3":[1,4],"4":[1,3],"5":[4,4],"6":[2,1],"7":[3,3],"8":[0,0],"9":[0,0]},"_coverageSchema":"1a1c01bbd47fc00a2c39e90264f33305004495a9","hash":"dd6226dad983fb44bcf4afb7a6a4b902b5e69712"}
}
