TN:
SF:bmiCal.js
FN:7,heightInInches
FN:17,poundsToKg
FN:28,calculateBMI
FN:37,getCategory
FN:50,(anonymous_4)
FN:51,(anonymous_5)
FN:52,(anonymous_6)
FNF:7
FNH:4
FNDA:5,heightInInches
FNDA:6,poundsToKg
FNDA:5,calculateBMI
FNDA:5,getCategory
FNDA:0,(anonymous_4)
FNDA:0,(anonymous_5)
FNDA:0,(anonymous_6)
DA:1,1
DA:3,1
DA:8,5
DA:9,5
DA:10,5
DA:12,1
DA:13,1
DA:15,5
DA:18,6
DA:19,6
DA:20,6
DA:22,2
DA:23,2
DA:25,6
DA:30,5
DA:32,5
DA:33,5
DA:34,5
DA:38,5
DA:39,1
DA:40,4
DA:41,1
DA:42,3
DA:43,2
DA:45,1
DA:48,1
DA:50,1
DA:51,0
DA:52,0
DA:53,0
DA:54,0
DA:55,0
DA:56,0
DA:57,0
DA:59,0
DA:62,0
DA:64,0
LF:37
LH:27
BRDA:10,0,0,1
BRDA:10,0,1,4
BRDA:20,1,0,2
BRDA:20,1,1,4
BRDA:20,2,0,6
BRDA:20,2,1,5
BRDA:38,3,0,1
BRDA:38,3,1,4
BRDA:40,4,0,1
BRDA:40,4,1,3
BRDA:40,5,0,4
BRDA:40,5,1,4
BRDA:42,6,0,2
BRDA:42,6,1,1
BRDA:42,7,0,3
BRDA:42,7,1,3
BRDA:57,8,0,0
BRDA:57,8,1,0
BRDA:57,9,0,0
BRDA:57,9,1,0
BRF:20
BRH:16
end_of_record
