TN:
SF:bmiCal.js
FN:4,getUserInput
FN:10,(anonymous_1)
FN:11,(anonymous_2)
FN:19,heightInInches
FN:29,poundsToKg
FN:40,calculateBMI
FN:49,getCategory
FN:63,collectUserData
FNF:8
FNH:7
FNDA:1,getUserInput
FNDA:1,(anonymous_1)
FNDA:0,(anonymous_2)
FNDA:5,heightInInches
FNDA:6,poundsToKg
FNDA:5,calculateBMI
FNDA:5,getCategory
FNDA:1,collectUserData
DA:1,1
DA:2,1
DA:6,1
DA:10,1
DA:11,1
DA:13,0
DA:14,0
DA:20,5
DA:21,5
DA:22,5
DA:24,1
DA:25,1
DA:27,5
DA:30,6
DA:31,6
DA:32,6
DA:34,2
DA:35,2
DA:37,6
DA:42,5
DA:44,5
DA:45,5
DA:46,5
DA:50,5
DA:51,1
DA:52,4
DA:53,1
DA:54,3
DA:55,2
DA:57,1
DA:65,1
DA:66,0
DA:67,0
DA:70,0
DA:71,0
DA:72,0
DA:73,0
DA:74,0
DA:77,0
DA:80,0
DA:85,1
LF:41
LH:30
BRDA:22,0,0,1
BRDA:22,0,1,4
BRDA:32,1,0,2
BRDA:32,1,1,4
BRDA:32,2,0,6
BRDA:32,2,1,5
BRDA:50,3,0,1
BRDA:50,3,1,4
BRDA:52,4,0,1
BRDA:52,4,1,3
BRDA:52,5,0,4
BRDA:52,5,1,4
BRDA:54,6,0,2
BRDA:54,6,1,1
BRDA:54,7,0,3
BRDA:54,7,1,3
BRDA:74,8,0,0
BRDA:74,8,1,0
BRDA:74,9,0,0
BRDA:74,9,1,0
BRF:20
BRH:16
end_of_record
